# JRE version: OpenJDK Runtime Environment Temurin-17.0.2+8 (17.0.2+8) (build 17.0.2+8)
# Java VM: OpenJDK 64-Bit Server VM Temurin-17.0.2+8 (17.0.2+8, mixed mode, emulated-client, tiered, compressed oops, compressed class ptrs, g1 gc, windows-amd64)
GC Precious Log:
 CPUs: 8 total, 8 available
 Memory: 16122M
 Large Page Support: Disabled
 NUMA Support: Disabled
 Compressed Oops: Enabled (Zero based)
 Heap Region Size: 2M
 Heap Min Capacity: 8M
 Heap Initial Capacity: 252M
 Heap Max Capacity: 4032M
 Pre-touch: Disabled
 Parallel Workers: 8
 Concurrent Workers: 2
 Concurrent Refinement Workers: 8
 Periodic GC: Disabled
Heap:
 garbage-first heap   total 161792K, used 104629K [0x0000000704000000, 0x0000000800000000)
  region size 2048K, 46 young (94208K), 5 survivors (10240K)
 Metaspace       used 58701K, committed 59200K, reserved 1105920K
  class space    used 7829K, committed 8064K, reserved 1048576K
GC Heap History (20 events):
Event: 1.524 GC heap before
{Heap before GC invocations=2 (full 0):
 garbage-first heap   total 258048K, used 42946K [0x0000000704000000, 0x0000000800000000)
  region size 2048K, 19 young (38912K), 1 survivors (2048K)
 Metaspace       used 21224K, committed 21504K, reserved 1073152K
  class space    used 2370K, committed 2496K, reserved 1048576K
}
Event: 1.526 GC heap after
{Heap after GC invocations=3 (full 0):
 garbage-first heap   total 258048K, used 9294K [0x0000000704000000, 0x0000000800000000)
  region size 2048K, 2 young (4096K), 2 survivors (4096K)
 Metaspace       used 21224K, committed 21504K, reserved 1073152K
  class space    used 2370K, committed 2496K, reserved 1048576K
}
Event: 1.635 GC heap before
{Heap before GC invocations=4 (full 0):
 garbage-first heap   total 55296K, used 37966K [0x0000000704000000, 0x0000000800000000)
  region size 2048K, 18 young (36864K), 2 survivors (4096K)
 Metaspace       used 24054K, committed 24320K, reserved 1073152K
  class space    used 2788K, committed 2944K, reserved 1048576K
}
Event: 1.637 GC heap after
{Heap after GC invocations=5 (full 0):
 garbage-first heap   total 55296K, used 9895K [0x0000000704000000, 0x0000000800000000)
  region size 2048K, 2 young (4096K), 2 survivors (4096K)
 Metaspace       used 24054K, committed 24320K, reserved 1073152K
  class space    used 2788K, committed 2944K, reserved 1048576K
}
Event: 1.645 GC heap before
{Heap before GC invocations=5 (full 0):
 garbage-first heap   total 55296K, used 11943K [0x0000000704000000, 0x0000000800000000)
  region size 2048K, 3 young (6144K), 2 survivors (4096K)
 Metaspace       used 24205K, committed 24448K, reserved 1073152K
  class space    used 2809K, committed 2944K, reserved 1048576K
}
Event: 1.647 GC heap after
{Heap after GC invocations=6 (full 0):
 garbage-first heap   total 55296K, used 10019K [0x0000000704000000, 0x0000000800000000)
  region size 2048K, 1 young (2048K), 1 survivors (2048K)
 Metaspace       used 24205K, committed 24448K, reserved 1073152K
  class space    used 2809K, committed 2944K, reserved 1048576K
}
Event: 1.737 GC heap before
{Heap before GC invocations=6 (full 0):
 garbage-first heap   total 55296K, used 36643K [0x0000000704000000, 0x0000000800000000)
  region size 2048K, 14 young (28672K), 1 survivors (2048K)
 Metaspace       used 26327K, committed 26560K, reserved 1073152K
  class space    used 3181K, committed 3264K, reserved 1048576K
}
Event: 1.739 GC heap after
{Heap after GC invocations=7 (full 0):
 garbage-first heap   total 157696K, used 10535K [0x0000000704000000, 0x0000000800000000)
  region size 2048K, 1 young (2048K), 1 survivors (2048K)
 Metaspace       used 26327K, committed 26560K, reserved 1073152K
  class space    used 3181K, committed 3264K, reserved 1048576K
}
Event: 2.054 GC heap before
{Heap before GC invocations=7 (full 0):
 garbage-first heap   total 157696K, used 100647K [0x0000000704000000, 0x0000000800000000)
  region size 2048K, 46 young (94208K), 1 survivors (2048K)
 Metaspace       used 32638K, committed 32960K, reserved 1081344K
  class space    used 3961K, committed 4096K, reserved 1048576K
}
Event: 2.058 GC heap after
{Heap after GC invocations=8 (full 0):
 garbage-first heap   total 157696K, used 12505K [0x0000000704000000, 0x0000000800000000)
  region size 2048K, 2 young (4096K), 2 survivors (4096K)
 Metaspace       used 32638K, committed 32960K, reserved 1081344K
  class space    used 3961K, committed 4096K, reserved 1048576K
}
Event: 2.377 GC heap before
{Heap before GC invocations=8 (full 0):
 garbage-first heap   total 157696K, used 59609K [0x0000000704000000, 0x0000000800000000)
  region size 2048K, 26 young (53248K), 2 survivors (4096K)
 Metaspace       used 35798K, committed 36096K, reserved 1081344K
  class space    used 4445K, committed 4608K, reserved 1048576K
}
Event: 2.382 GC heap after
{Heap after GC invocations=9 (full 0):
 garbage-first heap   total 157696K, used 14281K [0x0000000704000000, 0x0000000800000000)
  region size 2048K, 3 young (6144K), 3 survivors (6144K)
 Metaspace       used 35798K, committed 36096K, reserved 1081344K
  class space    used 4445K, committed 4608K, reserved 1048576K
}
Event: 2.720 GC heap before
{Heap before GC invocations=10 (full 0):
 garbage-first heap   total 61440K, used 51145K [0x0000000704000000, 0x0000000800000000)
  region size 2048K, 22 young (45056K), 3 survivors (6144K)
 Metaspace       used 39302K, committed 39616K, reserved 1089536K
  class space    used 4963K, committed 5120K, reserved 1048576K
}
Event: 2.728 GC heap after
{Heap after GC invocations=11 (full 0):
 garbage-first heap   total 63488K, used 16329K [0x0000000704000000, 0x0000000800000000)
  region size 2048K, 2 young (4096K), 2 survivors (4096K)
 Metaspace       used 39302K, committed 39616K, reserved 1089536K
  class space    used 4963K, committed 5120K, reserved 1048576K
}
Event: 2.739 GC heap before
{Heap before GC invocations=11 (full 0):
 garbage-first heap   total 63488K, used 18377K [0x0000000704000000, 0x0000000800000000)
  region size 2048K, 3 young (6144K), 2 survivors (4096K)
 Metaspace       used 39406K, committed 39808K, reserved 1089536K
  class space    used 4975K, committed 5184K, reserved 1048576K
}
Event: 2.744 GC heap after
{Heap after GC invocations=12 (full 0):
 garbage-first heap   total 161792K, used 16721K [0x0000000704000000, 0x0000000800000000)
  region size 2048K, 1 young (2048K), 1 survivors (2048K)
 Metaspace       used 39406K, committed 39808K, reserved 1089536K
  class space    used 4975K, committed 5184K, reserved 1048576K
}
Event: 3.607 GC heap before
{Heap before GC invocations=12 (full 0):
 garbage-first heap   total 161792K, used 110929K [0x0000000704000000, 0x0000000800000000)
  region size 2048K, 47 young (96256K), 1 survivors (2048K)
 Metaspace       used 45635K, committed 46080K, reserved 1089536K
  class space    used 5932K, committed 6144K, reserved 1048576K
}
Event: 3.614 GC heap after
{Heap after GC invocations=13 (full 0):
 garbage-first heap   total 161792K, used 19732K [0x0000000704000000, 0x0000000800000000)
  region size 2048K, 2 young (4096K), 2 survivors (4096K)
 Metaspace       used 45635K, committed 46080K, reserved 1089536K
  class space    used 5932K, committed 6144K, reserved 1048576K
}
Event: 35.428 GC heap before
{Heap before GC invocations=13 (full 0):
 garbage-first heap   total 161792K, used 111892K [0x0000000704000000, 0x0000000800000000)
  region size 2048K, 47 young (96256K), 2 survivors (4096K)
 Metaspace       used 53891K, committed 54336K, reserved 1097728K
  class space    used 7084K, committed 7296K, reserved 1048576K
}
Event: 35.436 GC heap after
{Heap after GC invocations=14 (full 0):
 garbage-first heap   total 161792K, used 24757K [0x0000000704000000, 0x0000000800000000)
  region size 2048K, 5 young (10240K), 5 survivors (10240K)
 Metaspace       used 53891K, committed 54336K, reserved 1097728K
  class space    used 7084K, committed 7296K, reserved 1048576K
}

