# JRE version: OpenJDK Runtime Environment Temurin-17.0.2+8 (17.0.2+8) (build 17.0.2+8)
# Java VM: OpenJDK 64-Bit Server VM Temurin-17.0.2+8 (17.0.2+8, mixed mode, emulated-client, tiered, compressed oops, compressed class ptrs, g1 gc, windows-amd64)
GC Precious Log:
 CPUs: 8 total, 8 available
 Memory: 16122M
 Large Page Support: Disabled
 NUMA Support: Disabled
 Compressed Oops: Enabled (Zero based)
 Heap Region Size: 2M
 Heap Min Capacity: 8M
 Heap Initial Capacity: 252M
 Heap Max Capacity: 4032M
 Pre-touch: Disabled
 Parallel Workers: 8
 Concurrent Workers: 2
 Concurrent Refinement Workers: 8
 Periodic GC: Disabled
Heap:
 garbage-first heap   total 159744K, used 97239K [0x0000000704000000, 0x0000000800000000)
  region size 2048K, 42 young (86016K), 5 survivors (10240K)
 Metaspace       used 58560K, committed 59072K, reserved 1105920K
  class space    used 7817K, committed 8064K, reserved 1048576K
GC Heap History (20 events):
Event: 1.648 GC heap before
{Heap before GC invocations=4 (full 0):
 garbage-first heap   total 55296K, used 40152K [0x0000000704000000, 0x0000000800000000)
  region size 2048K, 18 young (36864K), 2 survivors (4096K)
 Metaspace       used 23929K, committed 24192K, reserved 1073152K
  class space    used 2756K, committed 2880K, reserved 1048576K
}
Event: 1.651 GC heap after
{Heap after GC invocations=5 (full 0):
 garbage-first heap   total 55296K, used 10052K [0x0000000704000000, 0x0000000800000000)
  region size 2048K, 2 young (4096K), 2 survivors (4096K)
 Metaspace       used 23929K, committed 24192K, reserved 1073152K
  class space    used 2756K, committed 2880K, reserved 1048576K
}
Event: 1.658 GC heap before
{Heap before GC invocations=5 (full 0):
 garbage-first heap   total 55296K, used 12100K [0x0000000704000000, 0x0000000800000000)
  region size 2048K, 3 young (6144K), 2 survivors (4096K)
 Metaspace       used 24111K, committed 24384K, reserved 1073152K
  class space    used 2784K, committed 2944K, reserved 1048576K
}
Event: 1.661 GC heap after
{Heap after GC invocations=6 (full 0):
 garbage-first heap   total 55296K, used 10079K [0x0000000704000000, 0x0000000800000000)
  region size 2048K, 1 young (2048K), 1 survivors (2048K)
 Metaspace       used 24111K, committed 24384K, reserved 1073152K
  class space    used 2784K, committed 2944K, reserved 1048576K
}
Event: 1.757 GC heap before
{Heap before GC invocations=6 (full 0):
 garbage-first heap   total 55296K, used 36703K [0x0000000704000000, 0x0000000800000000)
  region size 2048K, 14 young (28672K), 1 survivors (2048K)
 Metaspace       used 26195K, committed 26496K, reserved 1073152K
  class space    used 3148K, committed 3328K, reserved 1048576K
}
Event: 1.759 GC heap after
{Heap after GC invocations=7 (full 0):
 garbage-first heap   total 157696K, used 10707K [0x0000000704000000, 0x0000000800000000)
  region size 2048K, 1 young (2048K), 1 survivors (2048K)
 Metaspace       used 26195K, committed 26496K, reserved 1073152K
  class space    used 3148K, committed 3328K, reserved 1048576K
}
Event: 2.038 GC heap before
{Heap before GC invocations=7 (full 0):
 garbage-first heap   total 157696K, used 102867K [0x0000000704000000, 0x0000000800000000)
  region size 2048K, 46 young (94208K), 1 survivors (2048K)
 Metaspace       used 32529K, committed 32832K, reserved 1081344K
  class space    used 3940K, committed 4096K, reserved 1048576K
}
Event: 2.042 GC heap after
{Heap after GC invocations=8 (full 0):
 garbage-first heap   total 157696K, used 12529K [0x0000000704000000, 0x0000000800000000)
  region size 2048K, 2 young (4096K), 2 survivors (4096K)
 Metaspace       used 32529K, committed 32832K, reserved 1081344K
  class space    used 3940K, committed 4096K, reserved 1048576K
}
Event: 2.401 GC heap before
{Heap before GC invocations=8 (full 0):
 garbage-first heap   total 157696K, used 59633K [0x0000000704000000, 0x0000000800000000)
  region size 2048K, 26 young (53248K), 2 survivors (4096K)
 Metaspace       used 35644K, committed 35968K, reserved 1081344K
  class space    used 4416K, committed 4608K, reserved 1048576K
}
Event: 2.405 GC heap after
{Heap after GC invocations=9 (full 0):
 garbage-first heap   total 157696K, used 14362K [0x0000000704000000, 0x0000000800000000)
  region size 2048K, 3 young (6144K), 3 survivors (6144K)
 Metaspace       used 35644K, committed 35968K, reserved 1081344K
  class space    used 4416K, committed 4608K, reserved 1048576K
}
Event: 2.634 GC heap before
{Heap before GC invocations=10 (full 0):
 garbage-first heap   total 61440K, used 49178K [0x0000000704000000, 0x0000000800000000)
  region size 2048K, 21 young (43008K), 3 survivors (6144K)
 Metaspace       used 39221K, committed 39552K, reserved 1089536K
  class space    used 4939K, committed 5120K, reserved 1048576K
}
Event: 2.640 GC heap after
{Heap after GC invocations=11 (full 0):
 garbage-first heap   total 61440K, used 16175K [0x0000000704000000, 0x0000000800000000)
  region size 2048K, 4 young (8192K), 4 survivors (8192K)
 Metaspace       used 39221K, committed 39552K, reserved 1089536K
  class space    used 4939K, committed 5120K, reserved 1048576K
}
Event: 2.661 GC heap before
{Heap before GC invocations=11 (full 0):
 garbage-first heap   total 61440K, used 18223K [0x0000000704000000, 0x0000000800000000)
  region size 2048K, 5 young (10240K), 4 survivors (8192K)
 Metaspace       used 39323K, committed 39680K, reserved 1089536K
  class space    used 4958K, committed 5120K, reserved 1048576K
}
Event: 2.669 GC heap after
{Heap after GC invocations=12 (full 0):
 garbage-first heap   total 61440K, used 17016K [0x0000000704000000, 0x0000000800000000)
  region size 2048K, 1 young (2048K), 1 survivors (2048K)
 Metaspace       used 39323K, committed 39680K, reserved 1089536K
  class space    used 4958K, committed 5120K, reserved 1048576K
}
Event: 2.957 GC heap before
{Heap before GC invocations=12 (full 0):
 garbage-first heap   total 61440K, used 47736K [0x0000000704000000, 0x0000000800000000)
  region size 2048K, 16 young (32768K), 1 survivors (2048K)
 Metaspace       used 41006K, committed 41408K, reserved 1089536K
  class space    used 5194K, committed 5376K, reserved 1048576K
}
Event: 2.961 GC heap after
{Heap after GC invocations=13 (full 0):
 garbage-first heap   total 159744K, used 17140K [0x0000000704000000, 0x0000000800000000)
  region size 2048K, 1 young (2048K), 1 survivors (2048K)
 Metaspace       used 41006K, committed 41408K, reserved 1089536K
  class space    used 5194K, committed 5376K, reserved 1048576K
}
Event: 3.767 GC heap before
{Heap before GC invocations=13 (full 0):
 garbage-first heap   total 159744K, used 109300K [0x0000000704000000, 0x0000000800000000)
  region size 2048K, 46 young (94208K), 1 survivors (2048K)
 Metaspace       used 48031K, committed 48448K, reserved 1097728K
  class space    used 6256K, committed 6464K, reserved 1048576K
}
Event: 3.774 GC heap after
{Heap after GC invocations=14 (full 0):
 garbage-first heap   total 159744K, used 22282K [0x0000000704000000, 0x0000000800000000)
  region size 2048K, 4 young (8192K), 4 survivors (8192K)
 Metaspace       used 48031K, committed 48448K, reserved 1097728K
  class space    used 6256K, committed 6464K, reserved 1048576K
}
Event: 13.456 GC heap before
{Heap before GC invocations=14 (full 0):
 garbage-first heap   total 159744K, used 108298K [0x0000000704000000, 0x0000000800000000)
  region size 2048K, 46 young (94208K), 4 survivors (8192K)
 Metaspace       used 55712K, committed 56256K, reserved 1097728K
  class space    used 7342K, committed 7616K, reserved 1048576K
}
Event: 13.476 GC heap after
{Heap after GC invocations=15 (full 0):
 garbage-first heap   total 159744K, used 25559K [0x0000000704000000, 0x0000000800000000)
  region size 2048K, 5 young (10240K), 5 survivors (10240K)
 Metaspace       used 55712K, committed 56256K, reserved 1097728K
  class space    used 7342K, committed 7616K, reserved 1048576K
}

